<?xml version="1.0" encoding="UTF-8"?>
<testng-results ignored="0" total="1" passed="1" failed="0" skipped="0">
  <reporter-output>
  </reporter-output>
  <suite started-at="2025-08-26T09:10:43 IST" name="Suite" finished-at="2025-08-26T09:11:20 IST" duration-ms="37689">
    <groups>
      <group name="cucumber">
        <method signature="AbstractTestNGCucumberTests.runScenario(io.cucumber.testng.PickleWrapper,io.cucumber.testng.FeatureWrapper)[pri:0, instance:TestRunner.MyTestRunner@2b40ff9c]" name="runScenario" class="io.cucumber.testng.AbstractTestNGCucumberTests"/>
      </group> <!-- cucumber -->
    </groups>
    <test started-at="2025-08-26T09:10:43 IST" name="Test" finished-at="2025-08-26T09:11:20 IST" duration-ms="37689">
      <class name="TestRunner.MyTestRunner">
        <test-method is-config="true" signature="setUpClass()[pri:0, instance:TestRunner.MyTestRunner@2b40ff9c]" started-at="2025-08-26T09:10:43 IST" name="setUpClass" finished-at="2025-08-26T09:10:44 IST" duration-ms="1062" status="PASS">
          <reporter-output>
          </reporter-output>
        </test-method> <!-- setUpClass -->
        <test-method signature="runScenario(io.cucumber.testng.PickleWrapper,io.cucumber.testng.FeatureWrapper)[pri:0, instance:TestRunner.MyTestRunner@2b40ff9c]" started-at="2025-08-26T09:10:44 IST" name="runScenario" description="Runs Cucumber Scenarios" data-provider="scenarios" finished-at="2025-08-26T09:11:15 IST" duration-ms="30847" status="PASS">
          <params>
            <param index="0">
              <value>
                <![CDATA["Successful registration with valid details"]]>
              </value>
            </param>
            <param index="1">
              <value>
                <![CDATA["Optional[to test registration functionality]"]]>
              </value>
            </param>
          </params>
          <reporter-output>
          </reporter-output>
        </test-method> <!-- runScenario -->
        <test-method is-config="true" signature="tearDownClass()[pri:0, instance:TestRunner.MyTestRunner@2b40ff9c]" started-at="2025-08-26T09:11:15 IST" name="tearDownClass" finished-at="2025-08-26T09:11:20 IST" duration-ms="5707" status="PASS">
          <reporter-output>
          </reporter-output>
        </test-method> <!-- tearDownClass -->
      </class> <!-- TestRunner.MyTestRunner -->
    </test> <!-- Test -->
  </suite> <!-- Suite -->
</testng-results>
